<?xml version="1.0" encoding="UTF-8"?>
<testng-results ignored="0" total="1" passed="1" failed="0" skipped="0">
  <reporter-output>
  </reporter-output>
  <suite started-at="2023-08-31T16:49:53 IST" name="Default suite" finished-at="2023-08-31T16:49:54 IST" duration-ms="1261">
    <groups>
    </groups>
    <test started-at="2023-08-31T16:49:53 IST" name="Default test" finished-at="2023-08-31T16:49:54 IST" duration-ms="1261">
      <class name="util.Report_1">
        <test-method signature="test1()[pri:0, instance:util.Report_1@5c153b9e]" started-at="2023-08-31T16:49:53 IST" name="test1" finished-at="2023-08-31T16:49:54 IST" duration-ms="1195" status="PASS">
          <reporter-output>
          </reporter-output>
        </test-method> <!-- test1 -->
      </class> <!-- util.Report_1 -->
    </test> <!-- Default test -->
  </suite> <!-- Default suite -->
</testng-results>
