<?xml version="1.0" encoding="UTF-8"?>
<!-- Generated by org.testng.reporters.JUnitXMLReporter -->
<testsuite ignored="0" hostname="BRAIN" failures="1" tests="3" name="Test" time="0.151" errors="0" timestamp="2023-08-30T17:02:36 IST">
  <testcase classname="runner_script.For_listner" name="tc2" time="0.03">
    <failure type="java.lang.AssertionError" message="null">
      <![CDATA[java.lang.AssertionError: null
at runner_script.For_listner.tc2(For_listner.java:17)
at java.base/java.util.ArrayList.forEach(ArrayList.java:1511)
... Removed 29 stack frames]]>
    </failure>
  </testcase> <!-- tc2 -->
  <testcase classname="runner_script.For_listner" name="tc1" time="0.002"/>
  <testcase classname="runner_script.For_listner" name="tc3" time="0.0">
    <skipped/>
  </testcase> <!-- tc3 -->
</testsuite> <!-- Test -->
